<?xml version="1.0" encoding="UTF-8"?>
<testng-results total="2" passed="2" failed="0" skipped="0">
  <reporter-output>
  </reporter-output>
  <suite started-at="2021-07-19T06:42:09Z" name="Suite1" finished-at="2021-07-19T06:42:17Z" duration-ms="8839">
    <groups>
    </groups>
    <test started-at="2021-07-19T06:42:09Z" name="Nopackage" finished-at="2021-07-19T06:42:17Z" duration-ms="8839">
      <class name="hrmsTestscripts.TC001$tc001">
        <test-method signature="tc001()[pri:0, instance:hrmsTestscripts.TC001$tc001@3224a577]" started-at="2021-07-19T12:12:09Z" name="tc001" finished-at="2021-07-19T12:12:12Z" duration-ms="3046" status="PASS">
          <reporter-output>
          </reporter-output>
        </test-method> <!-- tc001 -->
      </class> <!-- hrmsTestscripts.TC001$tc001 -->
      <class name="hrmsTestscripts.TC002$tc002">
        <test-method signature="tc002()[pri:0, instance:hrmsTestscripts.TC002$tc002@4dd6fd0a]" started-at="2021-07-19T12:12:12Z" name="tc002" finished-at="2021-07-19T12:12:17Z" duration-ms="5782" status="PASS">
          <reporter-output>
          </reporter-output>
        </test-method> <!-- tc002 -->
      </class> <!-- hrmsTestscripts.TC002$tc002 -->
    </test> <!-- Nopackage -->
  </suite> <!-- Suite1 -->
</testng-results>
